<?xml version="1.0" encoding="UTF-8"?>
<!-- Generated by org.testng.reporters.JUnitReportReporter -->
<testsuite hostname="DESKTOP-GLA0AO1" failures="0" tests="1" name="practice.SampleTestToTakeScreenshot" time="38.818" errors="0" timestamp="2024-05-06T16:58:55 IST" skipped="0">
  <testcase classname="practice.SampleTestToTakeScreenshot" name="amazonTakeScreenshotTest" time="38.818"/>
  <system-out/>
</testsuite> <!-- practice.SampleTestToTakeScreenshot -->
