<?xml version="1.0" encoding="UTF-8"?>
<!-- Generated by org.testng.reporters.JUnitReportReporter -->
<testsuite hostname="DESKTOP-GLA0AO1" failures="0" tests="4" name="practice.SampleReportTest" time="17.873" errors="0" timestamp="2024-05-09T12:03:24 IST" skipped="0">
  <testcase classname="practice.SampleReportTest" name="createContactWithOrg" time="0.060"/>
  <testcase classname="practice.SampleReportTest" name="createContactWithPhoneNumber" time="0.056"/>
  <testcase classname="practice.SampleReportTest" name="createContactTest" time="1.098"/>
  <testcase classname="practice.SampleReportTest" name="createContactTestTS" time="16.659"/>
</testsuite> <!-- practice.SampleReportTest -->
