<?xml version="1.0" encoding="UTF-8"?>
<!-- Generated by org.testng.reporters.JUnitReportReporter -->
<testsuite hostname="DESKTOP-GLA0AO1" failures="0" tests="1" name="practice.CreateContactConfigMethodTest" time="0.031" errors="0" timestamp="2024-05-01T20:14:18 IST" skipped="0">
  <testcase classname="practice.CreateContactConfigMethodTest" name="createContactTest" time="0.031"/>
  <system-out/>
</testsuite> <!-- practice.CreateContactConfigMethodTest -->
