<?xml version="1.0" encoding="UTF-8"?>
<!-- Generated by org.testng.reporters.JUnitReportReporter -->
<testsuite hostname="DESKTOP-GLA0AO1" failures="0" tests="2" name="com.comcast.crm.generic.ListenerImplementationClass.InvoiceTest" time="0.050" errors="0" timestamp="2024-05-06T18:02:11 IST" skipped="0">
  <testcase classname="com.comcast.crm.generic.ListenerImplementationClass.InvoiceTest" name="createInvoicewithContactTest" time="0.014"/>
  <system-out/>
  <testcase classname="com.comcast.crm.generic.ListenerImplementationClass.InvoiceTest" name="createInvoice" time="0.036"/>
  <system-out/>
</testsuite> <!-- com.comcast.crm.generic.ListenerImplementationClass.InvoiceTest -->
