<?xml version="1.0" encoding="UTF-8"?>
<!-- Generated by org.testng.reporters.JUnitReportReporter -->
<testsuite hostname="DESKTOP-GLA0AO1" failures="0" tests="2" name="practice.HomePageVerification" time="32.638" errors="0" timestamp="2024-05-06T11:11:23 IST" skipped="0">
  <testcase classname="practice.HomePageVerification" name="homePageTest" time="19.960"/>
  <system-out/>
  <testcase classname="practice.HomePageVerification" name="verifyLogoHomePageTest" time="12.678"/>
  <system-out/>
</testsuite> <!-- practice.HomePageVerification -->
