<?xml version="1.0" encoding="UTF-8"?>
<!-- Generated by org.testng.reporters.JUnitReportReporter -->
<testsuite hostname="DESKTOP-GLA0AO1" failures="0" tests="3" name="practice.GetProductInfoTest" time="39.370" errors="0" timestamp="2024-05-11T10:48:23 IST" skipped="0">
  <testcase classname="practice.GetProductInfoTest" name="getProductInfoTest" time="10.189">
    <system-out>
      <![CDATA[₹71,290]]>
    </system-out>
  </testcase> <!-- getProductInfoTest -->
  <testcase classname="practice.GetProductInfoTest" name="getProductInfoTest" time="12.754">
    <system-out>
      <![CDATA[₹71,290]]>
    </system-out>
  </testcase> <!-- getProductInfoTest -->
  <testcase classname="practice.GetProductInfoTest" name="getProductInfoTest" time="16.427">
    <system-out>
      <![CDATA[₹52,590]]>
    </system-out>
  </testcase> <!-- getProductInfoTest -->
  <system-out>
    <![CDATA[₹52,590
₹71,290
₹71,290]]>
  </system-out>
</testsuite> <!-- practice.GetProductInfoTest -->
